This file contains any messages produced by compilers while
running configure, to aid debugging if configure makes a mistake.

It was created by configure, which was
generated by GNU Autoconf 2.59.  Invocation command line was

  $ ./configure --enable-fast

## --------- ##
## Platform. ##
## --------- ##

hostname = jacobb
uname -m = x86_64
uname -r = 6.2.16-233.current
uname -s = Linux
uname -v = #1 SMP PREEMPT_DYNAMIC Wed May 17 22:14:23 UTC 2023

/usr/bin/uname -p = unknown
/bin/uname -X     = unknown

/bin/arch              = x86_64
/usr/bin/arch -k       = unknown
/usr/convex/getsysinfo = unknown
hostinfo               = unknown
/bin/machine           = unknown
/usr/bin/oslevel       = unknown
/bin/universe          = unknown

PATH: /home/jacob/.sdkman/candidates/java/current/bin
PATH: /home/jacob/.local/bin
PATH: /sbin
PATH: /bin
PATH: /usr/sbin
PATH: /usr/bin
PATH: /usr/local/bin
PATH: /snap/bin
PATH: /usr/local/bin
PATH: $/HOME/.net
PATH: /usr/lib64/openjdk-8/bin/
PATH: /home/jacob/.cargo/bin


## ----------- ##
## Core tests. ##
## ----------- ##

configure:1546: checking for a BSD-compatible install
configure:1601: result: /usr/bin/install -c
configure:1612: checking whether build environment is sane
configure:1655: result: yes
configure:1720: checking for gawk
configure:1736: found /usr/bin/gawk
configure:1746: result: gawk
configure:1756: checking whether make sets $(MAKE)
configure:1776: result: yes
configure:1993: checking for gcc
configure:2009: found /usr/bin/gcc
configure:2019: result: gcc
configure:2263: checking for C compiler version
configure:2266: gcc --version </dev/null >&5
gcc (Solus) 12.2.0
Copyright (C) 2022 Free Software Foundation, Inc.
This is free software; see the source for copying conditions.  There is NO
warranty; not even for MERCHANTABILITY or FITNESS FOR A PARTICULAR PURPOSE.

configure:2269: $? = 0
configure:2271: gcc -v </dev/null >&5
Using built-in specs.
COLLECT_GCC=gcc
COLLECT_LTO_WRAPPER=/usr/lib64/gcc/x86_64-solus-linux/12/lto-wrapper
Target: x86_64-solus-linux
Configured with: ../configure --prefix=/usr --with-pkgversion=Solus --libdir=/usr/lib64 --libexecdir=/usr/lib64 --with-system-zlib --enable-cet --enable-default-pie --enable-default-ssp --enable-lto --enable-shared --enable-threads=posix --enable-gnu-indirect-function --enable-__cxa_atexit --enable-plugin --enable-gold --enable-ld=default --enable-clocale=gnu --enable-multilib --with-multilib-list=m32,m64 --with-gcc-major-version-only --with-bugurl=https://dev.getsol.us/ --with-build-config=bootstrap-lto-lean --with-arch_32=i686 --enable-linker-build-id --with-linker-hash-style=gnu --with-gnu-ld --build=x86_64-solus-linux --target=x86_64-solus-linux --enable-languages=c,c++,fortran,ada
Thread model: posix
Supported LTO compression algorithms: zlib zstd
gcc version 12.2.0 (Solus) 
configure:2274: $? = 0
configure:2276: gcc -V </dev/null >&5
gcc: error: unrecognized command-line option '-V'
gcc: fatal error: no input files
compilation terminated.
configure:2279: $? = 1
configure:2302: checking for C compiler default output file name
configure:2305: gcc    conftest.c  >&5
configure:2308: $? = 0
configure:2354: result: a.out
configure:2359: checking whether the C compiler works
configure:2365: ./a.out
configure:2368: $? = 0
configure:2385: result: yes
configure:2392: checking whether we are cross compiling
configure:2394: result: no
configure:2397: checking for suffix of executables
configure:2399: gcc -o conftest    conftest.c  >&5
configure:2402: $? = 0
configure:2427: result: 
configure:2433: checking for suffix of object files
configure:2454: gcc -c   conftest.c >&5
configure:2457: $? = 0
configure:2479: result: o
configure:2483: checking whether we are using the GNU C compiler
configure:2507: gcc -c   conftest.c >&5
configure:2513: $? = 0
configure:2517: test -z 
			 || test ! -s conftest.err
configure:2520: $? = 0
configure:2523: test -s conftest.o
configure:2526: $? = 0
configure:2539: result: yes
configure:2545: checking whether gcc accepts -g
configure:2566: gcc -c -g  conftest.c >&5
configure:2572: $? = 0
configure:2576: test -z 
			 || test ! -s conftest.err
configure:2579: $? = 0
configure:2582: test -s conftest.o
configure:2585: $? = 0
configure:2596: result: yes
configure:2613: checking for gcc option to accept ANSI C
configure:2683: gcc  -c -g -O2  conftest.c >&5
configure:2689: $? = 0
configure:2693: test -z 
			 || test ! -s conftest.err
configure:2696: $? = 0
configure:2699: test -s conftest.o
configure:2702: $? = 0
configure:2720: result: none needed
configure:2738: gcc -c -g -O2  conftest.c >&5
conftest.c:2:3: error: unknown type name 'choke'
    2 |   choke me
      |   ^~~~~
conftest.c:2:3: error: expected '=', ',', ';', 'asm' or '__attribute__' at end of input
configure:2744: $? = 1
configure: failed program was:
| #ifndef __cplusplus
|   choke me
| #endif
configure:2888: checking for style of include used by make
configure:2916: result: GNU
configure:2944: checking dependency style of gcc
configure:3034: result: gcc3
configure:3052: checking for an ANSI C-conforming const
configure:3119: gcc -c -g -O2  conftest.c >&5
configure:3125: $? = 0
configure:3129: test -z 
			 || test ! -s conftest.err
configure:3132: $? = 0
configure:3135: test -s conftest.o
configure:3138: $? = 0
configure:3149: result: yes
configure:3240: checking build system type
configure:3258: result: x86_64-unknown-linux-gnu
configure:3266: checking host system type
configure:3280: result: x86_64-unknown-linux-gnu
configure:3288: checking for a sed that does not truncate output
configure:3342: result: /bin/sed
configure:3345: checking for egrep
configure:3355: result: grep -E
configure:3371: checking for ld used by gcc
configure:3438: result: /usr/bin/ld
configure:3447: checking if the linker (/usr/bin/ld) is GNU ld
configure:3462: result: yes
configure:3467: checking for /usr/bin/ld option to reload object files
configure:3474: result: -r
configure:3492: checking for BSD-compatible nm
configure:3534: result: /usr/bin/nm -B
configure:3538: checking whether ln -s works
configure:3542: result: yes
configure:3549: checking how to recognise dependent libraries
configure:3721: result: pass_all
configure:3804: gcc -c -g -O2  conftest.c >&5
configure:3807: $? = 0
configure:3933: checking how to run the C preprocessor
configure:3968: gcc -E  conftest.c
configure:3974: $? = 0
configure:4006: gcc -E  conftest.c
conftest.c:11:10: fatal error: ac_nonexistent.h: No such file or directory
   11 | #include <ac_nonexistent.h>
      |          ^~~~~~~~~~~~~~~~~~
compilation terminated.
configure:4012: $? = 1
configure: failed program was:
| /* confdefs.h.  */
| 
| #define PACKAGE_NAME ""
| #define PACKAGE_TARNAME ""
| #define PACKAGE_VERSION ""
| #define PACKAGE_STRING ""
| #define PACKAGE_BUGREPORT ""
| #define PACKAGE "openglut"
| #define VERSION "0.6.3"
| /* end confdefs.h.  */
| #include <ac_nonexistent.h>
configure:4051: result: gcc -E
configure:4075: gcc -E  conftest.c
configure:4081: $? = 0
configure:4113: gcc -E  conftest.c
conftest.c:11:10: fatal error: ac_nonexistent.h: No such file or directory
   11 | #include <ac_nonexistent.h>
      |          ^~~~~~~~~~~~~~~~~~
compilation terminated.
configure:4119: $? = 1
configure: failed program was:
| /* confdefs.h.  */
| 
| #define PACKAGE_NAME ""
| #define PACKAGE_TARNAME ""
| #define PACKAGE_VERSION ""
| #define PACKAGE_STRING ""
| #define PACKAGE_BUGREPORT ""
| #define PACKAGE "openglut"
| #define VERSION "0.6.3"
| /* end confdefs.h.  */
| #include <ac_nonexistent.h>
configure:4163: checking for ANSI C header files
configure:4188: gcc -c -g -O2  conftest.c >&5
configure:4194: $? = 0
configure:4198: test -z 
			 || test ! -s conftest.err
configure:4201: $? = 0
configure:4204: test -s conftest.o
configure:4207: $? = 0
configure:4296: gcc -o conftest -g -O2   conftest.c  >&5
conftest.c: In function 'main':
conftest.c:28:7: warning: implicit declaration of function 'exit' [-Wimplicit-function-declaration]
   28 |       exit(2);
      |       ^~~~
conftest.c:12:1: note: include '<stdlib.h>' or provide a declaration of 'exit'
   11 | #include <ctype.h>
  +++ |+#include <stdlib.h>
   12 | #if ((' ' & 0x0FF) == 0x020)
conftest.c:28:7: warning: incompatible implicit declaration of built-in function 'exit' [-Wbuiltin-declaration-mismatch]
   28 |       exit(2);
      |       ^~~~
conftest.c:28:7: note: include '<stdlib.h>' or provide a declaration of 'exit'
conftest.c:29:3: warning: incompatible implicit declaration of built-in function 'exit' [-Wbuiltin-declaration-mismatch]
   29 |   exit (0);
      |   ^~~~
conftest.c:29:3: note: include '<stdlib.h>' or provide a declaration of 'exit'
configure:4299: $? = 0
configure:4301: ./conftest
configure:4304: $? = 0
configure:4319: result: yes
configure:4343: checking for sys/types.h
configure:4359: gcc -c -g -O2  conftest.c >&5
configure:4365: $? = 0
configure:4369: test -z 
			 || test ! -s conftest.err
configure:4372: $? = 0
configure:4375: test -s conftest.o
configure:4378: $? = 0
configure:4389: result: yes
configure:4343: checking for sys/stat.h
configure:4359: gcc -c -g -O2  conftest.c >&5
configure:4365: $? = 0
configure:4369: test -z 
			 || test ! -s conftest.err
configure:4372: $? = 0
configure:4375: test -s conftest.o
configure:4378: $? = 0
configure:4389: result: yes
configure:4343: checking for stdlib.h
configure:4359: gcc -c -g -O2  conftest.c >&5
configure:4365: $? = 0
configure:4369: test -z 
			 || test ! -s conftest.err
configure:4372: $? = 0
configure:4375: test -s conftest.o
configure:4378: $? = 0
configure:4389: result: yes
configure:4343: checking for string.h
configure:4359: gcc -c -g -O2  conftest.c >&5
configure:4365: $? = 0
configure:4369: test -z 
			 || test ! -s conftest.err
configure:4372: $? = 0
configure:4375: test -s conftest.o
configure:4378: $? = 0
configure:4389: result: yes
configure:4343: checking for memory.h
configure:4359: gcc -c -g -O2  conftest.c >&5
configure:4365: $? = 0
configure:4369: test -z 
			 || test ! -s conftest.err
configure:4372: $? = 0
configure:4375: test -s conftest.o
configure:4378: $? = 0
configure:4389: result: yes
configure:4343: checking for strings.h
configure:4359: gcc -c -g -O2  conftest.c >&5
configure:4365: $? = 0
configure:4369: test -z 
			 || test ! -s conftest.err
configure:4372: $? = 0
configure:4375: test -s conftest.o
configure:4378: $? = 0
configure:4389: result: yes
configure:4343: checking for inttypes.h
configure:4359: gcc -c -g -O2  conftest.c >&5
configure:4365: $? = 0
configure:4369: test -z 
			 || test ! -s conftest.err
configure:4372: $? = 0
configure:4375: test -s conftest.o
configure:4378: $? = 0
configure:4389: result: yes
configure:4343: checking for stdint.h
configure:4359: gcc -c -g -O2  conftest.c >&5
configure:4365: $? = 0
configure:4369: test -z 
			 || test ! -s conftest.err
configure:4372: $? = 0
configure:4375: test -s conftest.o
configure:4378: $? = 0
configure:4389: result: yes
configure:4343: checking for unistd.h
configure:4359: gcc -c -g -O2  conftest.c >&5
configure:4365: $? = 0
configure:4369: test -z 
			 || test ! -s conftest.err
configure:4372: $? = 0
configure:4375: test -s conftest.o
configure:4378: $? = 0
configure:4389: result: yes
configure:4415: checking dlfcn.h usability
configure:4427: gcc -c -g -O2  conftest.c >&5
configure:4433: $? = 0
configure:4437: test -z 
			 || test ! -s conftest.err
configure:4440: $? = 0
configure:4443: test -s conftest.o
configure:4446: $? = 0
configure:4456: result: yes
configure:4460: checking dlfcn.h presence
configure:4470: gcc -E  conftest.c
configure:4476: $? = 0
configure:4496: result: yes
configure:4531: checking for dlfcn.h
configure:4538: result: yes
configure:4603: checking for g++
configure:4619: found /usr/bin/g++
configure:4629: result: g++
configure:4645: checking for C++ compiler version
configure:4648: g++ --version </dev/null >&5
g++ (Solus) 12.2.0
Copyright (C) 2022 Free Software Foundation, Inc.
This is free software; see the source for copying conditions.  There is NO
warranty; not even for MERCHANTABILITY or FITNESS FOR A PARTICULAR PURPOSE.

configure:4651: $? = 0
configure:4653: g++ -v </dev/null >&5
Using built-in specs.
COLLECT_GCC=g++
COLLECT_LTO_WRAPPER=/usr/lib64/gcc/x86_64-solus-linux/12/lto-wrapper
Target: x86_64-solus-linux
Configured with: ../configure --prefix=/usr --with-pkgversion=Solus --libdir=/usr/lib64 --libexecdir=/usr/lib64 --with-system-zlib --enable-cet --enable-default-pie --enable-default-ssp --enable-lto --enable-shared --enable-threads=posix --enable-gnu-indirect-function --enable-__cxa_atexit --enable-plugin --enable-gold --enable-ld=default --enable-clocale=gnu --enable-multilib --with-multilib-list=m32,m64 --with-gcc-major-version-only --with-bugurl=https://dev.getsol.us/ --with-build-config=bootstrap-lto-lean --with-arch_32=i686 --enable-linker-build-id --with-linker-hash-style=gnu --with-gnu-ld --build=x86_64-solus-linux --target=x86_64-solus-linux --enable-languages=c,c++,fortran,ada
Thread model: posix
Supported LTO compression algorithms: zlib zstd
gcc version 12.2.0 (Solus) 
configure:4656: $? = 0
configure:4658: g++ -V </dev/null >&5
g++: error: unrecognized command-line option '-V'
g++: fatal error: no input files
compilation terminated.
configure:4661: $? = 1
configure:4664: checking whether we are using the GNU C++ compiler
configure:4688: g++ -c   conftest.cc >&5
configure:4694: $? = 0
configure:4698: test -z 
			 || test ! -s conftest.err
configure:4701: $? = 0
configure:4704: test -s conftest.o
configure:4707: $? = 0
configure:4720: result: yes
configure:4726: checking whether g++ accepts -g
configure:4747: g++ -c -g  conftest.cc >&5
configure:4753: $? = 0
configure:4757: test -z 
			 || test ! -s conftest.err
configure:4760: $? = 0
configure:4763: test -s conftest.o
configure:4766: $? = 0
configure:4777: result: yes
configure:4819: g++ -c -g -O2  conftest.cc >&5
configure:4825: $? = 0
configure:4829: test -z 
			 || test ! -s conftest.err
configure:4832: $? = 0
configure:4835: test -s conftest.o
configure:4838: $? = 0
configure:4864: g++ -c -g -O2  conftest.cc >&5
conftest.cc: In function 'int main()':
conftest.cc:26:1: error: 'exit' was not declared in this scope
   26 | exit (42);
      | ^~~~
conftest.cc:1:1: note: 'exit' is defined in header '<cstdlib>'; did you forget to '#include <cstdlib>'?
    1 | /* confdefs.h.  */
configure:4870: $? = 1
configure: failed program was:
| /* confdefs.h.  */
| 
| #define PACKAGE_NAME ""
| #define PACKAGE_TARNAME ""
| #define PACKAGE_VERSION ""
| #define PACKAGE_STRING ""
| #define PACKAGE_BUGREPORT ""
| #define PACKAGE "openglut"
| #define VERSION "0.6.3"
| #define STDC_HEADERS 1
| #define HAVE_SYS_TYPES_H 1
| #define HAVE_SYS_STAT_H 1
| #define HAVE_STDLIB_H 1
| #define HAVE_STRING_H 1
| #define HAVE_MEMORY_H 1
| #define HAVE_STRINGS_H 1
| #define HAVE_INTTYPES_H 1
| #define HAVE_STDINT_H 1
| #define HAVE_UNISTD_H 1
| #define HAVE_DLFCN_H 1
| /* end confdefs.h.  */
| 
| int
| main ()
| {
| exit (42);
|   ;
|   return 0;
| }
configure:4819: g++ -c -g -O2  conftest.cc >&5
conftest.cc:22:17: warning: 'void std::exit(int)' has not been declared within 'std'
   22 | extern "C" void std::exit (int) throw (); using std::exit;
      |                 ^~~
<built-in>: note: only here as a 'friend'
configure:4825: $? = 0
configure:4829: test -z 
			 || test ! -s conftest.err
configure:4832: $? = 0
configure:4835: test -s conftest.o
configure:4838: $? = 0
configure:4864: g++ -c -g -O2  conftest.cc >&5
conftest.cc:22:17: warning: 'void std::exit(int)' has not been declared within 'std'
   22 | extern "C" void std::exit (int) throw (); using std::exit;
      |                 ^~~
<built-in>: note: only here as a 'friend'
configure:4870: $? = 0
configure:4874: test -z 
			 || test ! -s conftest.err
configure:4877: $? = 0
configure:4880: test -s conftest.o
configure:4883: $? = 0
configure:4908: checking dependency style of g++
configure:4998: result: gcc3
configure:5025: checking how to run the C++ preprocessor
configure:5056: g++ -E  conftest.cc
configure:5062: $? = 0
configure:5094: g++ -E  conftest.cc
conftest.cc:25:10: fatal error: ac_nonexistent.h: No such file or directory
   25 | #include <ac_nonexistent.h>
      |          ^~~~~~~~~~~~~~~~~~
compilation terminated.
configure:5100: $? = 1
configure: failed program was:
| /* confdefs.h.  */
| 
| #define PACKAGE_NAME ""
| #define PACKAGE_TARNAME ""
| #define PACKAGE_VERSION ""
| #define PACKAGE_STRING ""
| #define PACKAGE_BUGREPORT ""
| #define PACKAGE "openglut"
| #define VERSION "0.6.3"
| #define STDC_HEADERS 1
| #define HAVE_SYS_TYPES_H 1
| #define HAVE_SYS_STAT_H 1
| #define HAVE_STDLIB_H 1
| #define HAVE_STRING_H 1
| #define HAVE_MEMORY_H 1
| #define HAVE_STRINGS_H 1
| #define HAVE_INTTYPES_H 1
| #define HAVE_STDINT_H 1
| #define HAVE_UNISTD_H 1
| #define HAVE_DLFCN_H 1
| #ifdef __cplusplus
| extern "C" void std::exit (int) throw (); using std::exit;
| #endif
| /* end confdefs.h.  */
| #include <ac_nonexistent.h>
configure:5139: result: g++ -E
configure:5163: g++ -E  conftest.cc
configure:5169: $? = 0
configure:5201: g++ -E  conftest.cc
conftest.cc:25:10: fatal error: ac_nonexistent.h: No such file or directory
   25 | #include <ac_nonexistent.h>
      |          ^~~~~~~~~~~~~~~~~~
compilation terminated.
configure:5207: $? = 1
configure: failed program was:
| /* confdefs.h.  */
| 
| #define PACKAGE_NAME ""
| #define PACKAGE_TARNAME ""
| #define PACKAGE_VERSION ""
| #define PACKAGE_STRING ""
| #define PACKAGE_BUGREPORT ""
| #define PACKAGE "openglut"
| #define VERSION "0.6.3"
| #define STDC_HEADERS 1
| #define HAVE_SYS_TYPES_H 1
| #define HAVE_SYS_STAT_H 1
| #define HAVE_STDLIB_H 1
| #define HAVE_STRING_H 1
| #define HAVE_MEMORY_H 1
| #define HAVE_STRINGS_H 1
| #define HAVE_INTTYPES_H 1
| #define HAVE_STDINT_H 1
| #define HAVE_UNISTD_H 1
| #define HAVE_DLFCN_H 1
| #ifdef __cplusplus
| extern "C" void std::exit (int) throw (); using std::exit;
| #endif
| /* end confdefs.h.  */
| #include <ac_nonexistent.h>
configure:5304: checking for g77
configure:5333: result: no
configure:5304: checking for f77
configure:5333: result: no
configure:5304: checking for xlf
configure:5333: result: no
configure:5304: checking for frt
configure:5333: result: no
configure:5304: checking for pgf77
configure:5333: result: no
configure:5304: checking for fort77
configure:5333: result: no
configure:5304: checking for fl32
configure:5333: result: no
configure:5304: checking for af77
configure:5333: result: no
configure:5304: checking for f90
configure:5333: result: no
configure:5304: checking for xlf90
configure:5333: result: no
configure:5304: checking for pgf90
configure:5333: result: no
configure:5304: checking for epcf90
configure:5333: result: no
configure:5304: checking for f95
configure:5333: result: no
configure:5304: checking for fort
configure:5333: result: no
configure:5304: checking for xlf95
configure:5333: result: no
configure:5304: checking for ifc
configure:5333: result: no
configure:5304: checking for efc
configure:5333: result: no
configure:5304: checking for pgf95
configure:5333: result: no
configure:5304: checking for lf95
configure:5333: result: no
configure:5304: checking for gfortran
configure:5320: found /usr/bin/gfortran
configure:5330: result: gfortran
configure:5345: checking for Fortran 77 compiler version
configure:5348: gfortran --version </dev/null >&5
GNU Fortran (Solus) 12.2.0
Copyright (C) 2022 Free Software Foundation, Inc.
This is free software; see the source for copying conditions.  There is NO
warranty; not even for MERCHANTABILITY or FITNESS FOR A PARTICULAR PURPOSE.

configure:5351: $? = 0
configure:5353: gfortran -v </dev/null >&5
Using built-in specs.
COLLECT_GCC=gfortran
COLLECT_LTO_WRAPPER=/usr/lib64/gcc/x86_64-solus-linux/12/lto-wrapper
Target: x86_64-solus-linux
Configured with: ../configure --prefix=/usr --with-pkgversion=Solus --libdir=/usr/lib64 --libexecdir=/usr/lib64 --with-system-zlib --enable-cet --enable-default-pie --enable-default-ssp --enable-lto --enable-shared --enable-threads=posix --enable-gnu-indirect-function --enable-__cxa_atexit --enable-plugin --enable-gold --enable-ld=default --enable-clocale=gnu --enable-multilib --with-multilib-list=m32,m64 --with-gcc-major-version-only --with-bugurl=https://dev.getsol.us/ --with-build-config=bootstrap-lto-lean --with-arch_32=i686 --enable-linker-build-id --with-linker-hash-style=gnu --with-gnu-ld --build=x86_64-solus-linux --target=x86_64-solus-linux --enable-languages=c,c++,fortran,ada
Thread model: posix
Supported LTO compression algorithms: zlib zstd
gcc version 12.2.0 (Solus) 
configure:5356: $? = 0
configure:5358: gfortran -V </dev/null >&5
gfortran: error: unrecognized command-line option '-V'
gfortran: fatal error: no input files
compilation terminated.
configure:5361: $? = 1
configure:5369: checking whether we are using the GNU Fortran 77 compiler
configure:5383: gfortran -c  conftest.F >&5
configure:5389: $? = 0
configure:5393: test -z 
			 || test ! -s conftest.err
configure:5396: $? = 0
configure:5399: test -s conftest.o
configure:5402: $? = 0
configure:5415: result: yes
configure:5421: checking whether gfortran accepts -g
configure:5433: gfortran -c -g conftest.f >&5
configure:5439: $? = 0
configure:5443: test -z 
			 || test ! -s conftest.err
configure:5446: $? = 0
configure:5449: test -s conftest.o
configure:5452: $? = 0
configure:5464: result: yes
configure:5494: checking the maximum length of command line arguments
configure:5573: result: 32768
configure:5584: checking command to parse /usr/bin/nm -B output from gcc object
configure:5680: gcc -c -g -O2  conftest.c >&5
configure:5683: $? = 0
configure:5687: /usr/bin/nm -B conftest.o \| sed -n -e 's/^.*[ 	]\([ABCDGIRSTW][ABCDGIRSTW]*\)[ 	][ 	]*\(\)\([_A-Za-z][_A-Za-z0-9]*\)$/\1 \2\3 \3/p' \> conftest.nm
configure:5690: $? = 0
configure:5742: gcc -o conftest -g -O2   conftest.c conftstm.o >&5
configure:5745: $? = 0
configure:5783: result: ok
configure:5787: checking for objdir
configure:5802: result: .libs
configure:5892: checking for ar
configure:5908: found /usr/bin/ar
configure:5919: result: ar
configure:5972: checking for ranlib
configure:5988: found /usr/bin/ranlib
configure:5999: result: ranlib
configure:6052: checking for strip
configure:6068: found /usr/bin/strip
configure:6079: result: strip
configure:6343: checking if gcc static flag  works
configure:6366: result: yes
configure:6384: checking if gcc supports -fno-rtti -fno-exceptions
configure:6402: gcc -c -g -O2  -fno-rtti -fno-exceptions conftest.c >&5
cc1: warning: command-line option '-fno-rtti' is valid for C++/D/ObjC++ but not for C
configure:6406: $? = 0
configure:6417: result: no
configure:6432: checking for gcc option to produce PIC
configure:6619: result: -fPIC
configure:6627: checking if gcc PIC flag -fPIC works
configure:6645: gcc -c -g -O2  -fPIC -DPIC conftest.c >&5
configure:6649: $? = 0
configure:6660: result: yes
configure:6684: checking if gcc supports -c -o file.o
configure:6705: gcc -c -g -O2  -o out/conftest2.o conftest.c >&5
configure:6709: $? = 0
configure:6729: result: yes
configure:6755: checking whether the gcc linker (/usr/bin/ld -m elf_x86_64) supports shared libraries
configure:7604: result: yes
configure:7630: checking whether -lc should be explicitly linked in
configure:7635: gcc -c -g -O2  conftest.c >&5
configure:7638: $? = 0
configure:7652: gcc -shared conftest.o  -v -Wl,-soname -Wl,conftest -o conftest 2\>\&1 \| grep  -lc  \>/dev/null 2\>\&1
configure:7655: $? = 0
configure:7667: result: no
configure:7675: checking dynamic linker characteristics
configure:8215: result: GNU/Linux ld.so
configure:8219: checking how to hardcode library paths into programs
configure:8244: result: immediate
configure:8258: checking whether stripping libraries is possible
configure:8263: result: yes
configure:8389: checking for shl_load
configure:8446: gcc -o conftest -g -O2   conftest.c  >&5
/usr/bin/ld: /tmp/ccAwn6DT.o: in function `main':
/home/jacob/src/potato-player/lib/openglut-0.6.3/conftest.c:65: undefined reference to `shl_load'
/usr/bin/ld: /tmp/ccAwn6DT.o:/home/jacob/src/potato-player/lib/openglut-0.6.3/conftest.c:56: undefined reference to `shl_load'
collect2: error: ld returned 1 exit status
configure:8452: $? = 1
configure: failed program was:
| /* confdefs.h.  */
| 
| #define PACKAGE_NAME ""
| #define PACKAGE_TARNAME ""
| #define PACKAGE_VERSION ""
| #define PACKAGE_STRING ""
| #define PACKAGE_BUGREPORT ""
| #define PACKAGE "openglut"
| #define VERSION "0.6.3"
| #define STDC_HEADERS 1
| #define HAVE_SYS_TYPES_H 1
| #define HAVE_SYS_STAT_H 1
| #define HAVE_STDLIB_H 1
| #define HAVE_STRING_H 1
| #define HAVE_MEMORY_H 1
| #define HAVE_STRINGS_H 1
| #define HAVE_INTTYPES_H 1
| #define HAVE_STDINT_H 1
| #define HAVE_UNISTD_H 1
| #define HAVE_DLFCN_H 1
| #ifdef __cplusplus
| extern "C" void std::exit (int) throw (); using std::exit;
| #endif
| /* end confdefs.h.  */
| /* Define shl_load to an innocuous variant, in case <limits.h> declares shl_load.
|    For example, HP-UX 11i <limits.h> declares gettimeofday.  */
| #define shl_load innocuous_shl_load
| 
| /* System header to define __stub macros and hopefully few prototypes,
|     which can conflict with char shl_load (); below.
|     Prefer <limits.h> to <assert.h> if __STDC__ is defined, since
|     <limits.h> exists even on freestanding compilers.  */
| 
| #ifdef __STDC__
| # include <limits.h>
| #else
| # include <assert.h>
| #endif
| 
| #undef shl_load
| 
| /* Override any gcc2 internal prototype to avoid an error.  */
| #ifdef __cplusplus
| extern "C"
| {
| #endif
| /* We use char because int might match the return type of a gcc2
|    builtin and then its argument prototype would still apply.  */
| char shl_load ();
| /* The GNU C library defines this for functions which it implements
|     to always fail with ENOSYS.  Some functions are actually named
|     something starting with __ and the normal name is an alias.  */
| #if defined (__stub_shl_load) || defined (__stub___shl_load)
| choke me
| #else
| char (*f) () = shl_load;
| #endif
| #ifdef __cplusplus
| }
| #endif
| 
| int
| main ()
| {
| return f != shl_load;
|   ;
|   return 0;
| }
configure:8477: result: no
configure:8482: checking for shl_load in -ldld
configure:8512: gcc -o conftest -g -O2   conftest.c -ldld   >&5
/usr/bin/ld: cannot find -ldld: No such file or directory
collect2: error: ld returned 1 exit status
configure:8518: $? = 1
configure: failed program was:
| /* confdefs.h.  */
| 
| #define PACKAGE_NAME ""
| #define PACKAGE_TARNAME ""
| #define PACKAGE_VERSION ""
| #define PACKAGE_STRING ""
| #define PACKAGE_BUGREPORT ""
| #define PACKAGE "openglut"
| #define VERSION "0.6.3"
| #define STDC_HEADERS 1
| #define HAVE_SYS_TYPES_H 1
| #define HAVE_SYS_STAT_H 1
| #define HAVE_STDLIB_H 1
| #define HAVE_STRING_H 1
| #define HAVE_MEMORY_H 1
| #define HAVE_STRINGS_H 1
| #define HAVE_INTTYPES_H 1
| #define HAVE_STDINT_H 1
| #define HAVE_UNISTD_H 1
| #define HAVE_DLFCN_H 1
| #ifdef __cplusplus
| extern "C" void std::exit (int) throw (); using std::exit;
| #endif
| /* end confdefs.h.  */
| 
| /* Override any gcc2 internal prototype to avoid an error.  */
| #ifdef __cplusplus
| extern "C"
| #endif
| /* We use char because int might match the return type of a gcc2
|    builtin and then its argument prototype would still apply.  */
| char shl_load ();
| int
| main ()
| {
| shl_load ();
|   ;
|   return 0;
| }
configure:8544: result: no
configure:8549: checking for dlopen
configure:8606: gcc -o conftest -g -O2   conftest.c  >&5
configure:8612: $? = 0
configure:8616: test -z 
			 || test ! -s conftest.err
configure:8619: $? = 0
configure:8622: test -s conftest
configure:8625: $? = 0
configure:8637: result: yes
configure:8879: checking whether a program can dlopen itself
configure:8951: gcc -o conftest -g -O2  -DHAVE_DLFCN_H  -Wl,--export-dynamic conftest.c   >&5
configure: In function 'main':
configure:8947:5: warning: implicit declaration of function 'exit' [-Wimplicit-function-declaration]
 8947 | 
      |     ^   
configure:8897:1: note: include '<stdlib.h>' or provide a declaration of 'exit'
 8896 | 
  +++ |+#include <stdlib.h>
 8897 | #include <stdio.h>
configure:8947:5: warning: incompatible implicit declaration of built-in function 'exit' [-Wbuiltin-declaration-mismatch]
 8947 | 
      |     ^   
configure:8947:5: note: include '<stdlib.h>' or provide a declaration of 'exit'
configure:8954: $? = 0
configure:8972: result: yes
configure:8977: checking whether a statically linked program can dlopen itself
configure:9049: gcc -o conftest -g -O2  -DHAVE_DLFCN_H  -Wl,--export-dynamic  conftest.c   >&5
configure: In function 'main':
configure:9045:5: warning: implicit declaration of function 'exit' [-Wimplicit-function-declaration]
 9045 | 
      |     ^   
configure:8995:1: note: include '<stdlib.h>' or provide a declaration of 'exit'
 8994 | 
  +++ |+#include <stdlib.h>
 8995 | #include <stdio.h>
configure:9045:5: warning: incompatible implicit declaration of built-in function 'exit' [-Wbuiltin-declaration-mismatch]
 9045 | 
      |     ^   
configure:9045:5: note: include '<stdlib.h>' or provide a declaration of 'exit'
configure:9052: $? = 0
configure:9070: result: yes
configure:9093: checking if libtool supports shared libraries
configure:9095: result: yes
configure:9098: checking whether to build shared libraries
configure:9119: result: yes
configure:9122: checking whether to build static libraries
configure:9126: result: yes
configure:9218: creating libtool
configure:9767: checking for ld used by g++
configure:9834: result: /usr/bin/ld -m elf_x86_64
configure:9843: checking if the linker (/usr/bin/ld -m elf_x86_64) is GNU ld
configure:9858: result: yes
configure:9909: checking whether the g++ linker (/usr/bin/ld -m elf_x86_64) supports shared libraries
configure:10776: result: yes
configure:10794: g++ -c -g -O2  conftest.cc >&5
configure:10797: $? = 0
configure:10893: checking for g++ option to produce PIC
configure:11155: result: -fPIC
configure:11163: checking if g++ PIC flag -fPIC works
configure:11181: g++ -c -g -O2  -fPIC -DPIC conftest.cc >&5
configure:11185: $? = 0
configure:11196: result: yes
configure:11220: checking if g++ supports -c -o file.o
configure:11241: g++ -c -g -O2  -o out/conftest2.o conftest.cc >&5
configure:11245: $? = 0
configure:11265: result: yes
configure:11291: checking whether the g++ linker (/usr/bin/ld -m elf_x86_64) supports shared libraries
configure:11316: result: yes
configure:11387: checking dynamic linker characteristics
configure:11927: result: GNU/Linux ld.so
configure:11931: checking how to hardcode library paths into programs
configure:11956: result: immediate
configure:11970: checking whether stripping libraries is possible
configure:11975: result: yes
configure:12101: checking for shl_load
configure:12189: result: no
configure:12194: checking for shl_load in -ldld
configure:12256: result: no
configure:12261: checking for dlopen
configure:12349: result: yes
configure:12591: checking whether a program can dlopen itself
configure:12684: result: yes
configure:12689: checking whether a statically linked program can dlopen itself
configure:12782: result: yes
configure:13282: checking if libtool supports shared libraries
configure:13284: result: yes
configure:13287: checking whether to build shared libraries
configure:13305: result: yes
configure:13308: checking whether to build static libraries
configure:13312: result: yes
configure:13324: checking for gfortran option to produce PIC
configure:13511: result: -fPIC
configure:13519: checking if gfortran PIC flag -fPIC works
configure:13537: gfortran -c -g -O2 -fPIC conftest.f >&5
configure:13541: $? = 0
configure:13552: result: yes
configure:13576: checking if gfortran supports -c -o file.o
configure:13597: gfortran -c -g -O2 -o out/conftest2.o conftest.f >&5
configure:13601: $? = 0
configure:13621: result: yes
configure:13647: checking whether the gfortran linker (/usr/bin/ld -m elf_x86_64) supports shared libraries
configure:14476: result: yes
configure:14547: checking dynamic linker characteristics
configure:15087: result: GNU/Linux ld.so
configure:15091: checking how to hardcode library paths into programs
configure:15116: result: immediate
configure:15130: checking whether stripping libraries is possible
configure:15135: result: yes
configure:19234: checking for X
configure:19339: gcc -E  conftest.c
conftest.c:25:10: fatal error: X11/Intrinsic.h: No such file or directory
   25 | #include <X11/Intrinsic.h>
      |          ^~~~~~~~~~~~~~~~~
compilation terminated.
configure:19345: $? = 1
configure: failed program was:
| /* confdefs.h.  */
| 
| #define PACKAGE_NAME ""
| #define PACKAGE_TARNAME ""
| #define PACKAGE_VERSION ""
| #define PACKAGE_STRING ""
| #define PACKAGE_BUGREPORT ""
| #define PACKAGE "openglut"
| #define VERSION "0.6.3"
| #define STDC_HEADERS 1
| #define HAVE_SYS_TYPES_H 1
| #define HAVE_SYS_STAT_H 1
| #define HAVE_STDLIB_H 1
| #define HAVE_STRING_H 1
| #define HAVE_MEMORY_H 1
| #define HAVE_STRINGS_H 1
| #define HAVE_INTTYPES_H 1
| #define HAVE_STDINT_H 1
| #define HAVE_UNISTD_H 1
| #define HAVE_DLFCN_H 1
| #ifdef __cplusplus
| extern "C" void std::exit (int) throw (); using std::exit;
| #endif
| /* end confdefs.h.  */
| #include <X11/Intrinsic.h>
configure:19395: gcc -o conftest -g -O2   conftest.c -lXt  >&5
conftest.c:25:10: fatal error: X11/Intrinsic.h: No such file or directory
   25 | #include <X11/Intrinsic.h>
      |          ^~~~~~~~~~~~~~~~~
compilation terminated.
configure:19401: $? = 1
configure: failed program was:
| /* confdefs.h.  */
| 
| #define PACKAGE_NAME ""
| #define PACKAGE_TARNAME ""
| #define PACKAGE_VERSION ""
| #define PACKAGE_STRING ""
| #define PACKAGE_BUGREPORT ""
| #define PACKAGE "openglut"
| #define VERSION "0.6.3"
| #define STDC_HEADERS 1
| #define HAVE_SYS_TYPES_H 1
| #define HAVE_SYS_STAT_H 1
| #define HAVE_STDLIB_H 1
| #define HAVE_STRING_H 1
| #define HAVE_MEMORY_H 1
| #define HAVE_STRINGS_H 1
| #define HAVE_INTTYPES_H 1
| #define HAVE_STDINT_H 1
| #define HAVE_UNISTD_H 1
| #define HAVE_DLFCN_H 1
| #ifdef __cplusplus
| extern "C" void std::exit (int) throw (); using std::exit;
| #endif
| /* end confdefs.h.  */
| #include <X11/Intrinsic.h>
| int
| main ()
| {
| XtMalloc (0)
|   ;
|   return 0;
| }
configure:19454: result: no
configure:20623: checking for XF86VidModeSwitchToMode in -lXxf86vm
configure:20653: gcc -o conftest -g -O2   conftest.c -lXxf86vm  -lXext -lX11  >&5
/usr/bin/ld: cannot find -lXxf86vm: No such file or directory
collect2: error: ld returned 1 exit status
configure:20659: $? = 1
configure: failed program was:
| /* confdefs.h.  */
| 
| #define PACKAGE_NAME ""
| #define PACKAGE_TARNAME ""
| #define PACKAGE_VERSION ""
| #define PACKAGE_STRING ""
| #define PACKAGE_BUGREPORT ""
| #define PACKAGE "openglut"
| #define VERSION "0.6.3"
| #define STDC_HEADERS 1
| #define HAVE_SYS_TYPES_H 1
| #define HAVE_SYS_STAT_H 1
| #define HAVE_STDLIB_H 1
| #define HAVE_STRING_H 1
| #define HAVE_MEMORY_H 1
| #define HAVE_STRINGS_H 1
| #define HAVE_INTTYPES_H 1
| #define HAVE_STDINT_H 1
| #define HAVE_UNISTD_H 1
| #define HAVE_DLFCN_H 1
| #ifdef __cplusplus
| extern "C" void std::exit (int) throw (); using std::exit;
| #endif
| #define X_DISPLAY_MISSING 1
| /* end confdefs.h.  */
| 
| /* Override any gcc2 internal prototype to avoid an error.  */
| #ifdef __cplusplus
| extern "C"
| #endif
| /* We use char because int might match the return type of a gcc2
|    builtin and then its argument prototype would still apply.  */
| char XF86VidModeSwitchToMode ();
| int
| main ()
| {
| XF86VidModeSwitchToMode ();
|   ;
|   return 0;
| }
configure:20685: result: no
configure:20696: checking for hid_get_report_desc in -lusbhid
configure:20726: gcc -o conftest -g -O2   conftest.c -lusbhid   >&5
/usr/bin/ld: cannot find -lusbhid: No such file or directory
collect2: error: ld returned 1 exit status
configure:20732: $? = 1
configure: failed program was:
| /* confdefs.h.  */
| 
| #define PACKAGE_NAME ""
| #define PACKAGE_TARNAME ""
| #define PACKAGE_VERSION ""
| #define PACKAGE_STRING ""
| #define PACKAGE_BUGREPORT ""
| #define PACKAGE "openglut"
| #define VERSION "0.6.3"
| #define STDC_HEADERS 1
| #define HAVE_SYS_TYPES_H 1
| #define HAVE_SYS_STAT_H 1
| #define HAVE_STDLIB_H 1
| #define HAVE_STRING_H 1
| #define HAVE_MEMORY_H 1
| #define HAVE_STRINGS_H 1
| #define HAVE_INTTYPES_H 1
| #define HAVE_STDINT_H 1
| #define HAVE_UNISTD_H 1
| #define HAVE_DLFCN_H 1
| #ifdef __cplusplus
| extern "C" void std::exit (int) throw (); using std::exit;
| #endif
| #define X_DISPLAY_MISSING 1
| /* end confdefs.h.  */
| 
| /* Override any gcc2 internal prototype to avoid an error.  */
| #ifdef __cplusplus
| extern "C"
| #endif
| /* We use char because int might match the return type of a gcc2
|    builtin and then its argument prototype would still apply.  */
| char hid_get_report_desc ();
| int
| main ()
| {
| hid_get_report_desc ();
|   ;
|   return 0;
| }
configure:20758: result: no
configure:20770: checking for ANSI C header files
configure:20926: result: yes
configure:20953: checking GL/gl.h usability
configure:20965: gcc -c -g -O2  conftest.c >&5
configure:20971: $? = 0
configure:20975: test -z 
			 || test ! -s conftest.err
configure:20978: $? = 0
configure:20981: test -s conftest.o
configure:20984: $? = 0
configure:20994: result: yes
configure:20998: checking GL/gl.h presence
configure:21008: gcc -E  conftest.c
configure:21014: $? = 0
configure:21034: result: yes
configure:21069: checking for GL/gl.h
configure:21076: result: yes
configure:20953: checking GL/glu.h usability
configure:20965: gcc -c -g -O2  conftest.c >&5
conftest.c:62:10: fatal error: GL/glu.h: No such file or directory
   62 | #include <GL/glu.h>
      |          ^~~~~~~~~~
compilation terminated.
configure:20971: $? = 1
configure: failed program was:
| /* confdefs.h.  */
| 
| #define PACKAGE_NAME ""
| #define PACKAGE_TARNAME ""
| #define PACKAGE_VERSION ""
| #define PACKAGE_STRING ""
| #define PACKAGE_BUGREPORT ""
| #define PACKAGE "openglut"
| #define VERSION "0.6.3"
| #define STDC_HEADERS 1
| #define HAVE_SYS_TYPES_H 1
| #define HAVE_SYS_STAT_H 1
| #define HAVE_STDLIB_H 1
| #define HAVE_STRING_H 1
| #define HAVE_MEMORY_H 1
| #define HAVE_STRINGS_H 1
| #define HAVE_INTTYPES_H 1
| #define HAVE_STDINT_H 1
| #define HAVE_UNISTD_H 1
| #define HAVE_DLFCN_H 1
| #ifdef __cplusplus
| extern "C" void std::exit (int) throw (); using std::exit;
| #endif
| #define X_DISPLAY_MISSING 1
| #define STDC_HEADERS 1
| #define HAVE_GL_GL_H 1
| /* end confdefs.h.  */
| #include <stdio.h>
| #if HAVE_SYS_TYPES_H
| # include <sys/types.h>
| #endif
| #if HAVE_SYS_STAT_H
| # include <sys/stat.h>
| #endif
| #if STDC_HEADERS
| # include <stdlib.h>
| # include <stddef.h>
| #else
| # if HAVE_STDLIB_H
| #  include <stdlib.h>
| # endif
| #endif
| #if HAVE_STRING_H
| # if !STDC_HEADERS && HAVE_MEMORY_H
| #  include <memory.h>
| # endif
| # include <string.h>
| #endif
| #if HAVE_STRINGS_H
| # include <strings.h>
| #endif
| #if HAVE_INTTYPES_H
| # include <inttypes.h>
| #else
| # if HAVE_STDINT_H
| #  include <stdint.h>
| # endif
| #endif
| #if HAVE_UNISTD_H
| # include <unistd.h>
| #endif
| #include <GL/glu.h>
configure:20994: result: no
configure:20998: checking GL/glu.h presence
configure:21008: gcc -E  conftest.c
conftest.c:28:10: fatal error: GL/glu.h: No such file or directory
   28 | #include <GL/glu.h>
      |          ^~~~~~~~~~
compilation terminated.
configure:21014: $? = 1
configure: failed program was:
| /* confdefs.h.  */
| 
| #define PACKAGE_NAME ""
| #define PACKAGE_TARNAME ""
| #define PACKAGE_VERSION ""
| #define PACKAGE_STRING ""
| #define PACKAGE_BUGREPORT ""
| #define PACKAGE "openglut"
| #define VERSION "0.6.3"
| #define STDC_HEADERS 1
| #define HAVE_SYS_TYPES_H 1
| #define HAVE_SYS_STAT_H 1
| #define HAVE_STDLIB_H 1
| #define HAVE_STRING_H 1
| #define HAVE_MEMORY_H 1
| #define HAVE_STRINGS_H 1
| #define HAVE_INTTYPES_H 1
| #define HAVE_STDINT_H 1
| #define HAVE_UNISTD_H 1
| #define HAVE_DLFCN_H 1
| #ifdef __cplusplus
| extern "C" void std::exit (int) throw (); using std::exit;
| #endif
| #define X_DISPLAY_MISSING 1
| #define STDC_HEADERS 1
| #define HAVE_GL_GL_H 1
| /* end confdefs.h.  */
| #include <GL/glu.h>
configure:21034: result: no
configure:21069: checking for GL/glu.h
configure:21076: result: no
configure:20953: checking GL/glx.h usability
configure:20965: gcc -c -g -O2  conftest.c >&5
configure:20971: $? = 0
configure:20975: test -z 
			 || test ! -s conftest.err
configure:20978: $? = 0
configure:20981: test -s conftest.o
configure:20984: $? = 0
configure:20994: result: yes
configure:20998: checking GL/glx.h presence
configure:21008: gcc -E  conftest.c
configure:21014: $? = 0
configure:21034: result: yes
configure:21069: checking for GL/glx.h
configure:21076: result: yes
configure:20953: checking usbhid.h usability
configure:20965: gcc -c -g -O2  conftest.c >&5
conftest.c:63:10: fatal error: usbhid.h: No such file or directory
   63 | #include <usbhid.h>
      |          ^~~~~~~~~~
compilation terminated.
configure:20971: $? = 1
configure: failed program was:
| /* confdefs.h.  */
| 
| #define PACKAGE_NAME ""
| #define PACKAGE_TARNAME ""
| #define PACKAGE_VERSION ""
| #define PACKAGE_STRING ""
| #define PACKAGE_BUGREPORT ""
| #define PACKAGE "openglut"
| #define VERSION "0.6.3"
| #define STDC_HEADERS 1
| #define HAVE_SYS_TYPES_H 1
| #define HAVE_SYS_STAT_H 1
| #define HAVE_STDLIB_H 1
| #define HAVE_STRING_H 1
| #define HAVE_MEMORY_H 1
| #define HAVE_STRINGS_H 1
| #define HAVE_INTTYPES_H 1
| #define HAVE_STDINT_H 1
| #define HAVE_UNISTD_H 1
| #define HAVE_DLFCN_H 1
| #ifdef __cplusplus
| extern "C" void std::exit (int) throw (); using std::exit;
| #endif
| #define X_DISPLAY_MISSING 1
| #define STDC_HEADERS 1
| #define HAVE_GL_GL_H 1
| #define HAVE_GL_GLX_H 1
| /* end confdefs.h.  */
| #include <stdio.h>
| #if HAVE_SYS_TYPES_H
| # include <sys/types.h>
| #endif
| #if HAVE_SYS_STAT_H
| # include <sys/stat.h>
| #endif
| #if STDC_HEADERS
| # include <stdlib.h>
| # include <stddef.h>
| #else
| # if HAVE_STDLIB_H
| #  include <stdlib.h>
| # endif
| #endif
| #if HAVE_STRING_H
| # if !STDC_HEADERS && HAVE_MEMORY_H
| #  include <memory.h>
| # endif
| # include <string.h>
| #endif
| #if HAVE_STRINGS_H
| # include <strings.h>
| #endif
| #if HAVE_INTTYPES_H
| # include <inttypes.h>
| #else
| # if HAVE_STDINT_H
| #  include <stdint.h>
| # endif
| #endif
| #if HAVE_UNISTD_H
| # include <unistd.h>
| #endif
| #include <usbhid.h>
configure:20994: result: no
configure:20998: checking usbhid.h presence
configure:21008: gcc -E  conftest.c
conftest.c:29:10: fatal error: usbhid.h: No such file or directory
   29 | #include <usbhid.h>
      |          ^~~~~~~~~~
compilation terminated.
configure:21014: $? = 1
configure: failed program was:
| /* confdefs.h.  */
| 
| #define PACKAGE_NAME ""
| #define PACKAGE_TARNAME ""
| #define PACKAGE_VERSION ""
| #define PACKAGE_STRING ""
| #define PACKAGE_BUGREPORT ""
| #define PACKAGE "openglut"
| #define VERSION "0.6.3"
| #define STDC_HEADERS 1
| #define HAVE_SYS_TYPES_H 1
| #define HAVE_SYS_STAT_H 1
| #define HAVE_STDLIB_H 1
| #define HAVE_STRING_H 1
| #define HAVE_MEMORY_H 1
| #define HAVE_STRINGS_H 1
| #define HAVE_INTTYPES_H 1
| #define HAVE_STDINT_H 1
| #define HAVE_UNISTD_H 1
| #define HAVE_DLFCN_H 1
| #ifdef __cplusplus
| extern "C" void std::exit (int) throw (); using std::exit;
| #endif
| #define X_DISPLAY_MISSING 1
| #define STDC_HEADERS 1
| #define HAVE_GL_GL_H 1
| #define HAVE_GL_GLX_H 1
| /* end confdefs.h.  */
| #include <usbhid.h>
configure:21034: result: no
configure:21069: checking for usbhid.h
configure:21076: result: no
configure:21096: checking for X11/extensions/xf86vmode.h
configure:21112: gcc -c -g -O2   conftest.c >&5
conftest.c:31:10: fatal error: X11/extensions/xf86vmode.h: No such file or directory
   31 | #include <X11/extensions/xf86vmode.h>
      |          ^~~~~~~~~~~~~~~~~~~~~~~~~~~~
compilation terminated.
configure:21118: $? = 1
configure: failed program was:
| /* confdefs.h.  */
| 
| #define PACKAGE_NAME ""
| #define PACKAGE_TARNAME ""
| #define PACKAGE_VERSION ""
| #define PACKAGE_STRING ""
| #define PACKAGE_BUGREPORT ""
| #define PACKAGE "openglut"
| #define VERSION "0.6.3"
| #define STDC_HEADERS 1
| #define HAVE_SYS_TYPES_H 1
| #define HAVE_SYS_STAT_H 1
| #define HAVE_STDLIB_H 1
| #define HAVE_STRING_H 1
| #define HAVE_MEMORY_H 1
| #define HAVE_STRINGS_H 1
| #define HAVE_INTTYPES_H 1
| #define HAVE_STDINT_H 1
| #define HAVE_UNISTD_H 1
| #define HAVE_DLFCN_H 1
| #ifdef __cplusplus
| extern "C" void std::exit (int) throw (); using std::exit;
| #endif
| #define X_DISPLAY_MISSING 1
| #define STDC_HEADERS 1
| #define HAVE_GL_GL_H 1
| #define HAVE_GL_GLX_H 1
| /* end confdefs.h.  */
| #include <X11/Xlib.h>
| 
| #include <X11/extensions/xf86vmode.h>
configure:21142: result: no
configure:21301: checking for cos in -lm
configure:21331: gcc -o conftest -g -O2   conftest.c -lm   >&5
conftest.c:36:6: warning: conflicting types for built-in function 'cos'; expected 'double(double)' [-Wbuiltin-declaration-mismatch]
   36 | char cos ();
      |      ^~~
conftest.c:1:1: note: 'cos' is declared in header '<math.h>'
    1 | /* confdefs.h.  */
configure:21337: $? = 0
configure:21341: test -z 
			 || test ! -s conftest.err
configure:21344: $? = 0
configure:21347: test -s conftest
configure:21350: $? = 0
configure:21363: result: yes
configure:21557: creating ./config.status

## ---------------------- ##
## Running config.status. ##
## ---------------------- ##

This file was extended by config.status, which was
generated by GNU Autoconf 2.59.  Invocation command line was

  CONFIG_FILES    = 
  CONFIG_HEADERS  = 
  CONFIG_LINKS    = 
  CONFIG_COMMANDS = 
  $ ./config.status 

on jacobb

config.status:745: creating Makefile
config.status:745: creating doc/Makefile
config.status:745: creating progs/Makefile
config.status:745: creating progs/demos/Makefile
config.status:745: creating progs/demos/CallbackMaker/Makefile
config.status:745: creating progs/demos/Fractals/Makefile
config.status:745: creating progs/demos/Fractals_random/Makefile
config.status:745: creating progs/demos/Lorenz/Makefile
config.status:745: creating progs/demos/One/Makefile
config.status:745: creating progs/demos/fonts/Makefile
config.status:745: creating progs/demos/joystick/Makefile
config.status:745: creating progs/demos/offscreen/Makefile
config.status:745: creating progs/demos/shapes/Makefile
config.status:745: creating progs/demos/unmanaged/Makefile
config.status:745: creating progs/redbook/Makefile
config.status:745: creating progs/tests/Makefile
config.status:745: creating progs/tests/fonts/Makefile
config.status:745: creating src/Makefile
config.status:745: creating include/Makefile
config.status:745: creating include/GL/Makefile
config.status:849: creating config.h
config.status:1145: executing depfiles commands
config.status:1145: executing default-1 commands

## ---------------- ##
## Cache variables. ##
## ---------------- ##

ac_cv_build=x86_64-unknown-linux-gnu
ac_cv_build_alias=x86_64-unknown-linux-gnu
ac_cv_c_compiler_gnu=yes
ac_cv_c_const=yes
ac_cv_cxx_compiler_gnu=yes
ac_cv_env_CC_set=
ac_cv_env_CC_value=
ac_cv_env_CFLAGS_set=
ac_cv_env_CFLAGS_value=
ac_cv_env_CPPFLAGS_set=
ac_cv_env_CPPFLAGS_value=
ac_cv_env_CPP_set=
ac_cv_env_CPP_value=
ac_cv_env_CXXCPP_set=
ac_cv_env_CXXCPP_value=
ac_cv_env_CXXFLAGS_set=
ac_cv_env_CXXFLAGS_value=
ac_cv_env_CXX_set=
ac_cv_env_CXX_value=
ac_cv_env_F77_set=
ac_cv_env_F77_value=
ac_cv_env_FFLAGS_set=
ac_cv_env_FFLAGS_value=
ac_cv_env_LDFLAGS_set=
ac_cv_env_LDFLAGS_value=
ac_cv_env_build_alias_set=
ac_cv_env_build_alias_value=
ac_cv_env_host_alias_set=
ac_cv_env_host_alias_value=
ac_cv_env_target_alias_set=
ac_cv_env_target_alias_value=
ac_cv_exeext=
ac_cv_f77_compiler_gnu=yes
ac_cv_func_dlopen=yes
ac_cv_func_shl_load=no
ac_cv_have_x=have_x=no
ac_cv_header_GL_gl_h=yes
ac_cv_header_GL_glu_h=no
ac_cv_header_GL_glx_h=yes
ac_cv_header_X11_extensions_xf86vmode_h=no
ac_cv_header_dlfcn_h=yes
ac_cv_header_inttypes_h=yes
ac_cv_header_memory_h=yes
ac_cv_header_stdc=yes
ac_cv_header_stdint_h=yes
ac_cv_header_stdlib_h=yes
ac_cv_header_string_h=yes
ac_cv_header_strings_h=yes
ac_cv_header_sys_stat_h=yes
ac_cv_header_sys_types_h=yes
ac_cv_header_unistd_h=yes
ac_cv_header_usbhid_h=no
ac_cv_host=x86_64-unknown-linux-gnu
ac_cv_host_alias=x86_64-unknown-linux-gnu
ac_cv_lib_Xxf86vm_XF86VidModeSwitchToMode=no
ac_cv_lib_dld_shl_load=no
ac_cv_lib_m_cos=yes
ac_cv_lib_usbhid_hid_get_report_desc=no
ac_cv_objext=o
ac_cv_path_install='/usr/bin/install -c'
ac_cv_prog_AWK=gawk
ac_cv_prog_CPP='gcc -E'
ac_cv_prog_CXXCPP='g++ -E'
ac_cv_prog_ac_ct_AR=ar
ac_cv_prog_ac_ct_CC=gcc
ac_cv_prog_ac_ct_CXX=g++
ac_cv_prog_ac_ct_F77=gfortran
ac_cv_prog_ac_ct_RANLIB=ranlib
ac_cv_prog_ac_ct_STRIP=strip
ac_cv_prog_cc_g=yes
ac_cv_prog_cc_stdc=
ac_cv_prog_cxx_g=yes
ac_cv_prog_egrep='grep -E'
ac_cv_prog_f77_g=yes
ac_cv_prog_make_make_set=yes
am_cv_CC_dependencies_compiler_type=gcc3
am_cv_CXX_dependencies_compiler_type=gcc3
lt_cv_deplibs_check_method=pass_all
lt_cv_dlopen=dlopen
lt_cv_dlopen_libs=
lt_cv_dlopen_self=yes
lt_cv_dlopen_self_static=yes
lt_cv_file_magic_cmd='$MAGIC_CMD'
lt_cv_file_magic_test_file=
lt_cv_ld_reload_flag=-r
lt_cv_objdir=.libs
lt_cv_path_LD=/usr/bin/ld
lt_cv_path_LDCXX='/usr/bin/ld -m elf_x86_64'
lt_cv_path_NM='/usr/bin/nm -B'
lt_cv_path_SED=/bin/sed
lt_cv_prog_compiler_c_o=yes
lt_cv_prog_compiler_c_o_CXX=yes
lt_cv_prog_compiler_c_o_F77=yes
lt_cv_prog_compiler_rtti_exceptions=no
lt_cv_prog_gnu_ld=yes
lt_cv_prog_gnu_ldcxx=yes
lt_cv_sys_global_symbol_pipe='sed -n -e '\''s/^.*[ 	]\([ABCDGIRSTW][ABCDGIRSTW]*\)[ 	][ 	]*\(\)\([_A-Za-z][_A-Za-z0-9]*\)$/\1 \2\3 \3/p'\'''
lt_cv_sys_global_symbol_to_c_name_address='sed -n -e '\''s/^: \([^ ]*\) $/  {\"\1\", (lt_ptr) 0},/p'\'' -e '\''s/^[BCDEGRST] \([^ ]*\) \([^ ]*\)$/  {"\2", (lt_ptr) \&\2},/p'\'''
lt_cv_sys_global_symbol_to_cdecl='sed -n -e '\''s/^. .* \(.*\)$/extern int \1;/p'\'''
lt_cv_sys_max_cmd_len=32768
lt_lt_cv_prog_compiler_c_o='"yes"'
lt_lt_cv_prog_compiler_c_o_CXX='"yes"'
lt_lt_cv_prog_compiler_c_o_F77='"yes"'
lt_lt_cv_sys_global_symbol_pipe='"sed -n -e '\''s/^.*[ 	]\\([ABCDGIRSTW][ABCDGIRSTW]*\\)[ 	][ 	]*\\(\\)\\([_A-Za-z][_A-Za-z0-9]*\\)\$/\\1 \\2\\3 \\3/p'\''"'
lt_lt_cv_sys_global_symbol_to_c_name_address='"sed -n -e '\''s/^: \\([^ ]*\\) \$/  {\\\"\\1\\\", (lt_ptr) 0},/p'\'' -e '\''s/^[BCDEGRST] \\([^ ]*\\) \\([^ ]*\\)\$/  {\"\\2\", (lt_ptr) \\&\\2},/p'\''"'
lt_lt_cv_sys_global_symbol_to_cdecl='"sed -n -e '\''s/^. .* \\(.*\\)\$/extern int \\1;/p'\''"'

## ----------------- ##
## Output variables. ##
## ----------------- ##

ACLOCAL='${SHELL} /home/jacob/src/potato-player/lib/openglut-0.6.3/missing --run aclocal-1.9'
AMDEPBACKSLASH='\'
AMDEP_FALSE='#'
AMDEP_TRUE=''
AMTAR='${SHELL} /home/jacob/src/potato-player/lib/openglut-0.6.3/missing --run tar'
AR='ar'
AUTOCONF='${SHELL} /home/jacob/src/potato-player/lib/openglut-0.6.3/missing --run autoconf'
AUTOHEADER='${SHELL} /home/jacob/src/potato-player/lib/openglut-0.6.3/missing --run autoheader'
AUTOMAKE='${SHELL} /home/jacob/src/potato-player/lib/openglut-0.6.3/missing --run automake-1.9'
AWK='gawk'
CC='gcc'
CCDEPMODE='depmode=gcc3'
CFLAGS='-w'
CPP='gcc -E'
CPPFLAGS=''
CXX='g++'
CXXCPP='g++ -E'
CXXDEPMODE='depmode=gcc3'
CXXFLAGS='-g -O2'
CYGPATH_W='echo'
DEFS='-DHAVE_CONFIG_H'
DEPDIR='.deps'
ECHO='echo'
ECHO_C=''
ECHO_N='-n'
ECHO_T=''
EGREP='grep -E'
EXEEXT=''
F77='gfortran'
FFLAGS='-g -O2'
HEADER=''
INSTALL_DATA='${INSTALL} -m 644'
INSTALL_PROGRAM='${INSTALL}'
INSTALL_SCRIPT='${INSTALL}'
INSTALL_STRIP_PROGRAM='${SHELL} $(install_sh) -c -s'
LDFLAGS=''
LIBM='-lm'
LIBOBJS=''
LIBRARY='openglut'
LIBS=''
LIBTOOL='$(SHELL) $(top_builddir)/libtool'
LIBTOOL_DEPS='./ltmain.sh'
LIBXXF86VM=''
LN_S='ln -s'
LTLIBOBJS=''
MAKEINFO='${SHELL} /home/jacob/src/potato-player/lib/openglut-0.6.3/missing --run makeinfo'
OBJEXT='o'
OG_EXTRA_BUILD=''
PACKAGE='openglut'
PACKAGE_BUGREPORT=''
PACKAGE_NAME=''
PACKAGE_STRING=''
PACKAGE_TARNAME=''
PACKAGE_VERSION=''
PATH_SEPARATOR=':'
RANLIB='ranlib'
SET_MAKE=''
SHELL='/bin/sh'
STRIP='strip'
VERSION='0.6.3'
X_CFLAGS=''
X_EXTRA_LIBS=''
X_LIBS=''
X_PRE_LIBS=''
ac_ct_AR='ar'
ac_ct_CC='gcc'
ac_ct_CXX='g++'
ac_ct_F77='gfortran'
ac_ct_RANLIB='ranlib'
ac_ct_STRIP='strip'
am__fastdepCC_FALSE='#'
am__fastdepCC_TRUE=''
am__fastdepCXX_FALSE='#'
am__fastdepCXX_TRUE=''
am__include='include'
am__leading_dot='.'
am__quote=''
am__tar='${AMTAR} chof - "$$tardir"'
am__untar='${AMTAR} xf -'
bindir='${exec_prefix}/bin'
build='x86_64-unknown-linux-gnu'
build_alias=''
build_cpu='x86_64'
build_os='linux-gnu'
build_vendor='unknown'
datadir='${prefix}/share'
exec_prefix='${prefix}'
host='x86_64-unknown-linux-gnu'
host_alias=''
host_cpu='x86_64'
host_os='linux-gnu'
host_vendor='unknown'
includedir='${prefix}/include'
infodir='${prefix}/info'
install_sh='/home/jacob/src/potato-player/lib/openglut-0.6.3/install-sh'
libdir='${exec_prefix}/lib'
libexecdir='${exec_prefix}/libexec'
localstatedir='${prefix}/var'
mandir='${prefix}/man'
mkdir_p='mkdir -p --'
oldincludedir='/usr/include'
prefix='/usr/local'
program_transform_name='s,x,x,'
sbindir='${exec_prefix}/sbin'
sharedstatedir='${prefix}/com'
sysconfdir='${prefix}/etc'
target_alias=''

## ----------- ##
## confdefs.h. ##
## ----------- ##

#define HAVE_DLFCN_H 1
#define HAVE_GL_GLX_H 1
#define HAVE_GL_GL_H 1
#define HAVE_INTTYPES_H 1
#define HAVE_MEMORY_H 1
#define HAVE_STDINT_H 1
#define HAVE_STDLIB_H 1
#define HAVE_STRINGS_H 1
#define HAVE_STRING_H 1
#define HAVE_SYS_STAT_H 1
#define HAVE_SYS_TYPES_H 1
#define HAVE_UNISTD_H 1
#define PACKAGE "openglut"
#define PACKAGE_BUGREPORT ""
#define PACKAGE_NAME ""
#define PACKAGE_STRING ""
#define PACKAGE_TARNAME ""
#define PACKAGE_VERSION ""
#define STDC_HEADERS 1
#define STDC_HEADERS 1
#define VERSION "0.6.3"
#define X_DISPLAY_MISSING 1
#endif
#ifdef __cplusplus
extern "C" void std::exit (int) throw (); using std::exit;

configure: exit 0
